  pch.cpp
  block.cpp
  block_interface.cpp
  board.cpp
c:\users\katpe\git\projekt\tetris\tetris\board.cpp(29): warning C4018: '<': signed/unsigned mismatch
  board_interface.cpp
c:\users\katpe\git\projekt\tetris\tetris\board_interface.cpp(28): warning C4244: 'argument': conversion from 'int' to 'float', possible loss of data
  field.cpp
  field_interface.cpp
  full_line.cpp
  game.cpp
c:\users\katpe\git\projekt\tetris\tetris\game.cpp(74): warning C4305: 'argument': truncation from 'double' to 'float'
c:\users\katpe\git\projekt\tetris\tetris\game.cpp(77): warning C4305: 'argument': truncation from 'double' to 'float'
c:\users\katpe\git\projekt\tetris\tetris\game.cpp(154): warning C4244: 'argument': conversion from 'int' to 'float', possible loss of data
c:\users\katpe\git\projekt\tetris\tetris\game.cpp(153): warning C4244: 'argument': conversion from 'int' to 'float', possible loss of data
c:\users\katpe\git\projekt\tetris\tetris\game.cpp(163): warning C4244: 'argument': conversion from 'int' to 'float', possible loss of data
c:\users\katpe\git\projekt\tetris\tetris\game.cpp(162): warning C4244: 'argument': conversion from 'int' to 'float', possible loss of data
c:\users\katpe\git\projekt\tetris\tetris\game.cpp(84): warning C4101: 'state': unreferenced local variable
c:\users\katpe\git\projekt\tetris\tetris\game.cpp(175): warning C4101: 'state': unreferenced local variable
c:\users\katpe\git\projekt\tetris\tetris\game.cpp(198): warning C4244: 'argument': conversion from 'time_t' to 'unsigned int', possible loss of data
  letterI.cpp
  letterL.cpp
  letterT.cpp
  letterZ.cpp
  menu.cpp
  reverseL.cpp
  reverseZ.cpp
  square.cpp
  tetris.cpp
  Generating Code...
c:\users\katpe\git\projekt\tetris\tetris\game.cpp(194): warning C4715: 'game::create_game': not all control paths return a value
  tetris.vcxproj -> C:\Users\katpe\git\Projekt\tetris\Debug\tetris.exe
