c:\users\katpe\git\projekt\tetris\tetris\debug\tetris.pch
c:\users\katpe\git\projekt\tetris\tetris\debug\vc141.pdb
c:\users\katpe\git\projekt\tetris\tetris\debug\vc141.idb
c:\users\katpe\git\projekt\tetris\tetris\debug\pch.obj
c:\users\katpe\git\projekt\tetris\tetris\debug\tetris.obj
c:\users\katpe\git\projekt\tetris\tetris\debug\square.obj
c:\users\katpe\git\projekt\tetris\tetris\debug\reversez.obj
c:\users\katpe\git\projekt\tetris\tetris\debug\reversel.obj
c:\users\katpe\git\projekt\tetris\tetris\debug\menu.obj
c:\users\katpe\git\projekt\tetris\tetris\debug\letterz.obj
c:\users\katpe\git\projekt\tetris\tetris\debug\lettert.obj
c:\users\katpe\git\projekt\tetris\tetris\debug\letterl.obj
c:\users\katpe\git\projekt\tetris\tetris\debug\letteri.obj
c:\users\katpe\git\projekt\tetris\tetris\debug\game.obj
c:\users\katpe\git\projekt\tetris\tetris\debug\field_interface.obj
c:\users\katpe\git\projekt\tetris\tetris\debug\field.obj
c:\users\katpe\git\projekt\tetris\tetris\debug\board_interface.obj
c:\users\katpe\git\projekt\tetris\tetris\debug\board.obj
c:\users\katpe\git\projekt\tetris\tetris\debug\block_interface.obj
c:\users\katpe\git\projekt\tetris\tetris\debug\block.obj
c:\users\katpe\git\projekt\tetris\tetris\debug\full_line.obj
c:\users\katpe\git\projekt\tetris\debug\tetris.exe
c:\users\katpe\git\projekt\tetris\debug\tetris.ilk
c:\users\katpe\git\projekt\tetris\debug\tetris.pdb
c:\users\katpe\git\projekt\tetris\tetris\debug\game.obj.enc
c:\users\katpe\git\projekt\tetris\tetris\debug\tetris.tlog\cl.command.1.tlog
c:\users\katpe\git\projekt\tetris\tetris\debug\tetris.tlog\cl.read.1.tlog
c:\users\katpe\git\projekt\tetris\tetris\debug\tetris.tlog\cl.write.1.tlog
c:\users\katpe\git\projekt\tetris\tetris\debug\tetris.tlog\link.command.1.tlog
c:\users\katpe\git\projekt\tetris\tetris\debug\tetris.tlog\link.read.1.tlog
c:\users\katpe\git\projekt\tetris\tetris\debug\tetris.tlog\link.write.1.tlog
